<?xml version="1.0" encoding="UTF-8"?>
<testsuite name="com.shopzen.analytics.session.SessionManagerTest" tests="2" skipped="0" failures="0" errors="0" timestamp="2026-05-17T11:38:33" hostname="RAAHUL" time="1.003">
  <properties/>
  <testcase name="forceNewSession generates a new unique session id" classname="com.shopzen.analytics.session.SessionManagerTest" time="0.971"/>
  <testcase name="onStart generates initial session id" classname="com.shopzen.analytics.session.SessionManagerTest" time="0.032"/>
  <system-out><![CDATA[]]></system-out>
  <system-err><![CDATA[WARNING: A Java agent has been loaded dynamically (C:\Users\raahu\AppData\Local\Temp\byteBuddyAgent13168799940755919101.jar)
WARNING: If a serviceability tool is in use, please run with -XX:+EnableDynamicAgentLoading to hide this warning
WARNING: If a serviceability tool is not in use, please run with -Djdk.instrument.traceUsage for more information
WARNING: Dynamic loading of agents will be disallowed by default in a future release
]]></system-err>
</testsuite>
