<?xml version="1.0" encoding="UTF-8"?>
<testsuite name="com.shopzen.analytics.storage.EventRepositoryTest" tests="3" skipped="0" failures="0" errors="0" timestamp="2026-05-17T11:38:28" hostname="RAAHUL" time="1.608">
  <properties/>
  <testcase name="saveEvent respects MAX_EVENTS limit" classname="com.shopzen.analytics.storage.EventRepositoryTest" time="1.527"/>
  <testcase name="saveEvent inserts event correctly" classname="com.shopzen.analytics.storage.EventRepositoryTest" time="0.04"/>
  <testcase name="deleteBatch removes specified events" classname="com.shopzen.analytics.storage.EventRepositoryTest" time="0.041"/>
  <system-out><![CDATA[]]></system-out>
  <system-err><![CDATA[]]></system-err>
</testsuite>
