<?xml version="1.0" encoding="UTF-8"?>
<testsuite name="com.example.analytics.storage.EventRepositoryTest" tests="3" skipped="0" failures="0" errors="0" timestamp="2026-05-16T11:12:29" hostname="RAAHUL" time="1.44">
  <properties/>
  <testcase name="saveEvent respects MAX_EVENTS limit" classname="com.example.analytics.storage.EventRepositoryTest" time="1.376"/>
  <testcase name="saveEvent inserts event correctly" classname="com.example.analytics.storage.EventRepositoryTest" time="0.03"/>
  <testcase name="deleteBatch removes specified events" classname="com.example.analytics.storage.EventRepositoryTest" time="0.034"/>
  <system-out><![CDATA[]]></system-out>
  <system-err><![CDATA[]]></system-err>
</testsuite>
